  0  1.380
  0  1.236
  0  1.169
  0  1.125
  0  1.092
  0  1.065
  0  1.043
  0  1.025
  0  1.008
  0  0.994
  0  0.980
  0  0.969
  0  0.958
  0  0.947
  0  0.938
  0  0.929
  0  0.921
  0  0.913
  0  0.906
  0  0.899
  0  0.893
  0  0.886
  0  0.880
  0  0.875
  0  0.869
  0  0.864
  0  0.859
  0  0.854
  0  0.849
  0  0.845
  0  0.840
  0  0.836
  0  0.832
  0  0.828
  0  0.824
  0  0.820
  0  0.817
  0  0.813
  0  0.810
  0  0.806
  0  0.803
  0  0.800
  0  0.797
  0  0.794
  0  0.791
  0  0.788
  0  0.785
  0  0.782
  0  0.779
  0  0.777
  0  0.774
  0  0.772
  0  0.769
  0  0.767
  0  0.764
  0  0.762
  0  0.759
  0  0.757
  0  0.755
  0  0.753
  0  0.750
  0  0.748
  0  0.746
  0  0.744
  0  0.742
  0  0.740
  0  0.738
  0  0.736
  0  0.734
  0  0.732
  0  0.730
  0  0.728
  0  0.727
  0  0.725
  0  0.723
  0  0.721
  0  0.720
  0  0.718
  0  0.716
  0  0.715
  0  0.713
  0  0.711
  0  0.710
  0  0.708
  0  0.707
  0  0.705
  0  0.703
  0  0.702
  0  0.700
  0  0.699
  0  0.698
  0  0.696
  0  0.695
  0  0.693
  0  0.692
  0  0.690
  0  0.689
  0  0.688
  0  0.686
  0  0.685
  0  0.684
  0  0.682
  0  0.681
  0  0.680
  0  0.679
  0  0.677
  0  0.676
  0  0.675
  0  0.674
  0  0.672
  0  0.671
  0  0.670
  0  0.669
  0  0.668
  0  0.667
  0  0.665
  0  0.664
  0  0.663
  0  0.662
  0  0.661
  0  0.660
  0  0.659
  0  0.658
  0  0.657
  0  0.656
  0  0.655
  0  0.654
  0  0.652
  0  0.651
  0  0.650
  0  0.649
  0  0.648
  0  0.647
  0  0.646
  0  0.645
  0  0.645
  0  0.644
  0  0.643
  0  0.642
  0  0.641
  0  0.640
  0  0.639
  0  0.638
  0  0.637
  0  0.636
  0  0.635
  0  0.634
  0  0.633
  0  0.632
  0  0.632
  0  0.631
  0  0.630
  0  0.629
  0  0.628
  0  0.627
  0  0.626
  0  0.626
  0  0.625
  0  0.624
  0  0.623
  0  0.622
  0  0.621
  0  0.621
  0  0.620
  0  0.619
  0  0.618
  0  0.617
  0  0.617
  0  0.616
  0  0.615
  0  0.614
  0  0.614
  0  0.613
  0  0.612
  0  0.611
  0  0.611
  0  0.610
  0  0.609
  0  0.608
  0  0.608
  0  0.607
  0  0.606
  0  0.605
  0  0.605
  0  0.604
  0  0.603
  0  0.603
  0  0.602
  0  0.601
  0  0.600
  0  0.600
  0  0.599
  0  0.598
  0  0.598
  0  0.597
  0  0.596
  0  0.596
  0  0.595
  0  0.594
  0  0.594
  0  0.593
  0  0.592
  0  0.592
  0  0.591
  0  0.590
  0  0.590
  0  0.589
  0  0.589
  0  0.588
  0  0.587
  0  0.587
  0  0.586
  0  0.585
  0  0.585
  0  0.584
  0  0.584
  0  0.583
  0  0.582
  0  0.582
  0  0.581
  0  0.581
  0  0.580
  0  0.579
  0  0.579
  0  0.578
  0  0.578
  0  0.577
  0  0.576
  0  0.576
  0  0.575
  0  0.575
  0  0.574
  0  0.574
  0  0.573
  0  0.572
  0  0.572
  0  0.571
  0  0.571
  0  0.570
  0  0.570
  0  0.569
  0  0.569
  0  0.568
  0  0.568
  0  0.567
  0  0.566
  0  0.566
  0  0.565
  0  0.565
  0  0.564
  0  0.564
  0  0.563
  0  0.563
  0  0.562
  0  0.562
  0  0.561
  0  0.561
  0  0.560
  0  0.560
  0  0.559
  0  0.559
  0  0.558
  0  0.558
  0  0.557
  0  0.557
  0  0.556
  0  0.556
  0  0.555
  0  0.555
  0  0.554
  0  0.554
  0  0.553
  0  0.553
  0  0.552
  0  0.552
  0  0.551
  0  0.551
  0  0.550
  0  0.550
  0  0.549
  0  0.549
  0  0.549
  0  0.548
  0  0.548
  0  0.547
  0  0.547
  0  0.546
  0  0.546
  0  0.545
  0  0.545
  0  0.544
  0  0.544
  0  0.544
  0  0.543
  0  0.543
  0  0.542
  0  0.542
  0  0.541
  0  0.541
  0  0.540
  0  0.540
  0  0.540
  0  0.539
  0  0.539
  0  0.538
  0  0.538
  0  0.537
  0  0.537
  0  0.537
  0  0.536
  0  0.536
  0  0.535
  0  0.535
  0  0.534
  0  0.534
  0  0.534
  0  0.533
  0  0.533
  0  0.532
  0  0.532
  0  0.532
  0  0.531
  0  0.531
  0  0.530
  0  0.530
  0  0.530
  0  0.529
  0  0.529
  0  0.528
  0  0.528
  0  0.528
  0  0.527
  0  0.527
  0  0.526
  0  0.526
  0  0.526
  0  0.525
  0  0.525
  0  0.524
  0  0.524
  0  0.524
  0  0.523
  0  0.523
  0  0.522
  0  0.522
  0  0.522
  0  0.521
  0  0.521
  0  0.521
  0  0.520
  0  0.520
  0  0.519
  0  0.519
  0  0.519
  0  0.518
  0  0.518
  0  0.518
  0  0.517
  0  0.517
  0  0.517
  0  0.516
  0  0.516
  0  0.515
  0  0.515
  0  0.515
  0  0.514
  0  0.514
  0  0.514
  0  0.513
  0  0.513
  0  0.513
  0  0.512
  0  0.512
  0  0.512
  0  0.511
  0  0.511
  0  0.510
  0  0.510
  0  0.510
  0  0.509
  0  0.509
  0  0.509
  0  0.508
  0  0.508
  0  0.508
  0  0.507
  0  0.507
  0  0.507
  0  0.506
  0  0.506
  0  0.506
  0  0.505
  0  0.505
  0  0.505
  0  0.504
  0  0.504
  0  0.504
  0  0.503
  0  0.503
  0  0.503
  0  0.502
  0  0.502
  0  0.502
  0  0.501
  0  0.501
  0  0.501
  0  0.500
  0  0.500
  0  0.500
  0  0.499
  0  0.499
  0  0.499
  0  0.499
  0  0.498
  0  0.498
  0  0.498
  0  0.497
  0  0.497
  0  0.497
  0  0.496
  0  0.496
  0  0.496
  0  0.495
  0  0.495
  0  0.495
  0  0.494
  0  0.494
  0  0.494
  0  0.494
  0  0.493
  0  0.493
  0  0.493
  0  0.492
  0  0.492
  0  0.492
  0  0.491
  0  0.491
  0  0.491
  0  0.491
  0  0.490
  0  0.490
  0  0.490
  0  0.489
  0  0.489
  0  0.489
  0  0.489
  0  0.488
  0  0.488
  0  0.488
  0  0.487
  0  0.487
  0  0.487
  0  0.486
  0  0.486
  0  0.486
  0  0.486
  0  0.485
  0  0.485
  0  0.485
  0  0.484
  0  0.484
  0  0.484
  0  0.484
  0  0.483
  0  0.483
  0  0.483
  0  0.483
  0  0.482
  0  0.482
  0  0.482
  0  0.481
  0  0.481
  0  0.481
  0  0.481
  0  0.480
  0  0.480
  0  0.480
  0  0.479
  0  0.479
  0  0.479
  0  0.479
  0  0.478
  0  0.478
  0  0.478
  0  0.478
  0  0.477
  0  0.477
  0  0.477
  0  0.477
  0  0.476
  0  0.476
  0  0.476
  0  0.475
  0  0.475
  0  0.475
  0  0.475
  0  0.474
  0  0.474
  0  0.474
  0  0.474
  0  0.473
  0  0.473
  0  0.473
  0  0.473
  0  0.472
  0  0.472
  0  0.472
  0  0.472
  0  0.471
  0  0.471
  0  0.471
  0  0.471
  0  0.470
  0  0.470
  0  0.470
  0  0.470
  0  0.469
  0  0.469
  0  0.469
  0  0.469
  0  0.468
  0  0.468
  0  0.468
  0  0.468
  0  0.467
  0  0.467
  0  0.467
  0  0.467
  0  0.466
  0  0.466
  0  0.466
  0  0.466
  0  0.465
  0  0.465
  0  0.465
  0  0.465
  0  0.464
  0  0.464
  0  0.464
  0  0.464
  0  0.463
  0  0.463
  0  0.463
  0  0.463
  0  0.462
  0  0.462
  0  0.462
  0  0.462
  0  0.461
  0  0.461
  0  0.461
  0  0.461
  0  0.461
  0  0.460
  0  0.460
  0  0.460
  0  0.460
  0  0.459
  0  0.459
  0  0.459
  0  0.459
  0  0.458
  0  0.458
  0  0.458
  0  0.458
  0  0.458
  0  0.457
  0  0.457
  0  0.457
  0  0.457
  0  0.456
  0  0.456
  0  0.456
  0  0.456
  0  0.455
  0  0.455
  0  0.455
  0  0.455
  0  0.455
  0  0.454
  0  0.454
  0  0.454
  0  0.454
  0  0.453
  0  0.453
  0  0.453
  0  0.453
  0  0.453
  0  0.452
  0  0.452
  0  0.452
  0  0.452
  0  0.452
  0  0.451
  0  0.451
  0  0.451
  0  0.451
  0  0.450
  0  0.450
  0  0.450
  0  0.450
  0  0.450
  0  0.449
  0  0.449
  0  0.449
  0  0.449
  0  0.448
  0  0.448
  0  0.448
  0  0.448
  0  0.448
  0  0.447
  0  0.447
  0  0.447
  0  0.447
  0  0.447
  0  0.446
  0  0.446
  0  0.446
  0  0.446
  0  0.446
  0  0.445
  0  0.445
  0  0.445
  0  0.445
  0  0.445
  0  0.444
  0  0.444
  0  0.444
  0  0.444
  0  0.444
  0  0.443
  0  0.443
  0  0.443
  0  0.443
  0  0.442
  0  0.442
  0  0.442
  0  0.442
  0  0.442
  0  0.441
  0  0.441
  0  0.441
  0  0.441
  0  0.441
  0  0.440
  0  0.440
  0  0.440
  0  0.440
  0  0.440
  0  0.439
  0  0.439
  0  0.439
  0  0.439
  0  0.439
  0  0.439
  0  0.438
  0  0.438
  0  0.438
  0  0.438
  0  0.438
  0  0.437
  0  0.437
  0  0.437
  0  0.437
  0  0.437
  0  0.436
  0  0.436
  0  0.436
  0  0.436
  0  0.436
  0  0.435
  0  0.435
  0  0.435
  0  0.435
  0  0.435
  0  0.434
  0  0.434
  0  0.434
  0  0.434
  0  0.434
  0  0.434
  0  0.433
  0  0.433
  0  0.433
  0  0.433
  0  0.433
  0  0.432
  0  0.432
  0  0.432
  0  0.432
  0  0.432
  0  0.431
  0  0.431
  0  0.431
  0  0.431
  0  0.431
  0  0.431
  0  0.430
  0  0.430
  0  0.430
  0  0.430
  0  0.430
  0  0.429
  0  0.429
  0  0.429
  0  0.429
  0  0.429
  0  0.429
  0  0.428
  0  0.428
  0  0.428
  0  0.428
  0  0.428
  0  0.427
  0  0.427
  0  0.427
  0  0.427
  0  0.427
  0  0.427
  0  0.426
  0  0.426
  0  0.426
  0  0.426
  0  0.426
  0  0.426
  0  0.425
  0  0.425
  0  0.425
  0  0.425
  0  0.425
  0  0.424
  0  0.424
  0  0.424
  0  0.424
  0  0.424
  0  0.424
  0  0.423
  0  0.423
  0  0.423
  0  0.423
  0  0.423
  0  0.423
  0  0.422
  0  0.422
  0  0.422
  0  0.422
  0  0.422
  0  0.422
  0  0.421
  0  0.421
  0  0.421
  0  0.421
  0  0.421
  0  0.420
  0  0.420
  0  0.420
  0  0.420
  0  0.420
  0  0.420
  0  0.419
  0  0.419
  0  0.419
  0  0.419
  0  0.419
  0  0.419
  0  0.418
  0  0.418
  0  0.418
  0  0.418
  0  0.418
  0  0.418
  0  0.417
  0  0.417
  0  0.417
  0  0.417
  0  0.417
  0  0.417
  0  0.417
  0  0.416
  0  0.416
  0  0.416
  0  0.416
  0  0.416
  0  0.416
  0  0.415
  0  0.415
  0  0.415
  0  0.415
  0  0.415
  0  0.415
  0  0.414
  0  0.414
  0  0.414
  0  0.414
  0  0.414
  0  0.414
  0  0.413
  0  0.413
  0  0.413
  0  0.413
  0  0.413
  0  0.413
  0  0.412
  0  0.412
  0  0.412
  0  0.412
  0  0.412
  0  0.412
  0  0.412
  0  0.411
  0  0.411
  0  0.411
  0  0.411
  0  0.411
  0  0.411
  0  0.410
  0  0.410
  0  0.410
  0  0.410
  0  0.410
  0  0.410
  0  0.410
  0  0.409
  0  0.409
  0  0.409
  0  0.409
  0  0.409
  0  0.409
  0  0.408
  0  0.408
  0  0.408
  0  0.408
  0  0.408
  0  0.408
  0  0.408
  0  0.407
  0  0.407
  0  0.407
  0  0.407
  0  0.407
  0  0.407
  0  0.406
  0  0.406
  0  0.406
  0  0.406
  0  0.406
  0  0.406
  0  0.406
  0  0.405
  0  0.405
  0  0.405
  0  0.405
  0  0.405
  0  0.405
  0  0.405
  0  0.404
  0  0.404
  0  0.404
  0  0.404
  0  0.404
  0  0.404
  0  0.403
  0  0.403
  0  0.403
  0  0.403
  0  0.403
  0  0.403
  0  0.403
  0  0.402
  0  0.402
  0  0.402
  0  0.402
  0  0.402
  0  0.402
  0  0.402
  0  0.401
  0  0.401
  0  0.401
  0  0.401
  0  0.401
  0  0.401
  0  0.401
  0  0.400
  0  0.400
  0  0.400
  0  0.400
  0  0.400
  0  0.400
  0  0.400
  0  0.399
  0  0.399
  0  0.399
  0  0.399
  0  0.399
  0  0.399
  0  0.399
  0  0.398
  0  0.398
  0  0.398
  0  0.398
  0  0.398
  0  0.398
  0  0.398
  0  0.397
  0  0.397
  0  0.397
  0  0.397
  0  0.397
  0  0.397
  0  0.397
  0  0.396
  0  0.396
  0  0.396
  0  0.396
  0  0.396
  0  0.396
  0  0.396
  0  0.395
  0  0.395
  0  0.395
  0  0.395
  0  0.395
  0  0.395
  0  0.395
  0  0.394
  0  0.394
  0  0.394
  0  0.394
  0  0.394
  0  0.394
  0  0.394
  0  0.394
  0  0.393
  0  0.393
  0  0.393
  0  0.393
  0  0.393
  0  0.393
  0  0.393
  0  0.392
  0  0.392
  0  0.392
  0  0.392
  0  0.392
  0  0.392
  0  0.392
  0  0.391
  0  0.391
  0  0.391
  0  0.391
  0  0.391
  0  0.391
  0  0.391
  0  0.391
  0  0.390
  0  0.390
  0  0.390
  0  0.390
  0  0.390
  0  0.390
  0  0.390
  0  0.389
  0  0.389
  0  0.389
  0  0.389
  0  0.389
  0  0.389
  0  0.389
  0  0.389
  0  0.388
  0  0.388
  0  0.388
  0  0.388
  0  0.388
  0  0.388
  0  0.388
  0  0.387
  0  0.387
  0  0.387
  0  0.387
  0  0.387
  0  0.387
  0  0.387
  0  0.387
  0  0.386
  0  0.386
  0  0.386
  0  0.386
  0  0.386
  0  0.386
  0  0.386
  0  0.386
  0  0.385
  0  0.385
  0  0.385
  0  0.385
  0  0.385
  0  0.385
  0  0.385
  0  0.384
  0  0.384
  0  0.384
  0  0.384
  0  0.384
  0  0.384
  0  0.384
  0  0.384
  0  0.383
  0  0.383
  0  0.383
  0  0.383
  0  0.383
  0  0.383
  0  0.383
  0  0.383
  0  0.382
  0  0.382
  0  0.382
  0  0.382
  0  0.382
  0  0.382
  0  0.382
  0  0.382
  0  0.381
  0  0.381
  0  0.381
  0  0.381
  0  0.381
  0  0.381
  0  0.381
  0  0.381
  0  0.380
  0  0.380
  0  0.380
  0  0.380
  0  0.380
  0  0.380
  0  0.380
  0  0.380
  0  0.379
  0  0.379
  0  0.379
  0  0.379
  0  0.379
  0  0.379
  0  0.379
  0  0.378
  0  0.378
  0  0.378
  0  0.378
  0  0.378
  0  0.378
  0  0.378
  0  0.378
  0  0.377
  0  0.377
  0  0.377
  0  0.377
  0  0.377
  0  0.377
  0  0.377
  0  0.377
  0  0.376
  0  0.376
  0  0.376
  0  0.376
  0  0.376
  0  0.376
  0  0.376
  0  0.376
  0  0.375
  0  0.375
  0  0.375
  0  0.375
  0  0.375
  0  0.375
  0  0.375
  0  0.375
  0  0.374
  0  0.374
  0  0.374
  0  0.374
  0  0.374
  0  0.374
  0  0.374
  0  0.374
  0  0.373
  0  0.373
  0  0.373
  0  0.373
  0  0.373
  0  0.373
  0  0.373
  0  0.373
  0  0.372
  0  0.372
  0  0.372
  0  0.372
  0  0.372
  0  0.372
  0  0.372
  0  0.372
  0  0.371
  0  0.371
  0  0.371
  0  0.371
  0  0.371
  0  0.371
  0  0.371
  0  0.371
  0  0.371
  0  0.370
  0  0.370
  0  0.370
  0  0.370
  0  0.370
  0  0.370
  0  0.370
  0  0.370
  0  0.369
  0  0.369
  0  0.369
  0  0.369
  0  0.369
  0  0.369
  0  0.369
  0  0.369
  0  0.368
  0  0.368
  0  0.368
  0  0.368
  0  0.368
  0  0.368
  0  0.368
  0  0.368
  0  0.367
  0  0.367
  0  0.367
  0  0.367
  0  0.367
  0  0.367
  0  0.367
  0  0.367
  0  0.366
  0  0.366
  0  0.366
  0  0.366
  0  0.366
  0  0.366
  0  0.366
  0  0.365
  0  0.365
  0  0.365
  0  0.365
  0  0.365
  0  0.365
  0  0.365
  0  0.365
  0  0.364
  0  0.364
  0  0.364
  0  0.364
  0  0.364
  0  0.364
  0  0.364
  0  0.364
  0  0.363
  0  0.363
  0  0.363
  0  0.363
  0  0.363
  0  0.363
  0  0.363
  0  0.363
  0  0.362
  0  0.362
  0  0.362
  0  0.362
  0  0.362
  0  0.362
  0  0.362
  0  0.362
  0  0.361
  0  0.361
  0  0.361
  0  0.361
  0  0.361
  0  0.361
  0  0.361
  0  0.360
  0  0.360
  0  0.360
  0  0.360
  0  0.360
  0  0.360
  0  0.360
  0  0.360
  0  0.359
  0  0.359
  0  0.359
  0  0.359
  0  0.359
  0  0.359
  0  0.359
  0  0.358
  0  0.358
  0  0.358
  0  0.358
  0  0.358
  0  0.358
  0  0.358
  0  0.358
  0  0.357
  0  0.357
  0  0.357
  0  0.357
  0  0.357
  0  0.357
  0  0.357
  0  0.356
  0  0.356
  0  0.356
  0  0.356
  0  0.356
  0  0.356
  0  0.356
  0  0.355
  0  0.355
  0  0.355
  0  0.355
  0  0.355
  0  0.355
  0  0.355
  0  0.354
  0  0.354
  0  0.354
  0  0.354
  0  0.354
  0  0.354
  0  0.353
  0  0.353
  0  0.353
  0  0.353
  0  0.353
  0  0.353
  0  0.353
  0  0.352
  0  0.352
  0  0.352
  0  0.352
  0  0.352
  0  0.352
  0  0.351
  0  0.351
  0  0.351
  0  0.351
  0  0.351
  0  0.351
  0  0.350
  0  0.350
  0  0.350
  0  0.350
  0  0.350
  0  0.350
  0  0.349
  0  0.349
  0  0.349
  0  0.349
  0  0.349
  0  0.348
  0  0.348
  0  0.348
  0  0.348
  0  0.348
  0  0.347
  0  0.347
  0  0.347
  0  0.347
  0  0.347
  0  0.346
  0  0.346
  0  0.346
  0  0.346
  0  0.345
  0  0.345
  0  0.345
  0  0.345
  0  0.344
  0  0.344
  0  0.344
  0  0.344
  0  0.343
  0  0.343
  0  0.343
  0  0.342
  0  0.342
  0  0.342
  0  0.341
  0  0.341
  0  0.341
  0  0.340
  0  0.340
  0  0.339
  0  0.339
  0  0.338
  0  0.337
  0  0.336
  0  0.335
  0  0.332
  1  0.337
  1  0.339
  1  0.340
  1  0.341
  1  0.342
  1  0.343
  1  0.343
  1  0.344
  1  0.344
  1  0.345
  1  0.345
  1  0.346
  1  0.346
  1  0.346
  1  0.347
  1  0.347
  1  0.347
  1  0.348
  1  0.348
  1  0.348
  1  0.349
  1  0.349
  1  0.349
  1  0.349
  1  0.350
  1  0.350
  1  0.350
  1  0.350
  1  0.351
  1  0.351
  1  0.351
  1  0.351
  1  0.352
  1  0.352
  1  0.352
  1  0.352
  1  0.352
  1  0.353
  1  0.353
  1  0.353
  1  0.353
  1  0.353
  1  0.354
  1  0.354
  1  0.354
  1  0.354
  1  0.354
  1  0.355
  1  0.355
  1  0.355
  1  0.355
  1  0.355
  1  0.355
  1  0.356
  1  0.356
  1  0.356
  1  0.356
  1  0.356
  1  0.357
  1  0.357
  1  0.357
  1  0.357
  1  0.357
  1  0.357
  1  0.358
  1  0.358
  1  0.358
  1  0.358
  1  0.358
  1  0.358
  1  0.358
  1  0.359
  1  0.359
  1  0.359
  1  0.359
  1  0.359
  1  0.359
  1  0.360
  1  0.360
  1  0.360
  1  0.360
  1  0.360
  1  0.360
  1  0.360
  1  0.361
  1  0.361
  1  0.361
  1  0.361
  1  0.361
  1  0.361
  1  0.361
  1  0.362
  1  0.362
  1  0.362
  1  0.362
  1  0.362
  1  0.362
  1  0.362
  1  0.363
  1  0.363
  1  0.363
  1  0.363
  1  0.363
  1  0.363
  1  0.363
  1  0.364
  1  0.364
  1  0.364
  1  0.364
  1  0.364
  1  0.364
  1  0.364
  1  0.364
  1  0.365
  1  0.365
  1  0.365
  1  0.365
  1  0.365
  1  0.365
  1  0.365
  1  0.366
  1  0.366
  1  0.366
  1  0.366
  1  0.366
  1  0.366
  1  0.366
  1  0.366
  1  0.367
  1  0.367
  1  0.367
  1  0.367
  1  0.367
  1  0.367
  1  0.367
  1  0.367
  1  0.368
  1  0.368
  1  0.368
  1  0.368
  1  0.368
  1  0.368
  1  0.368
  1  0.368
  1  0.369
  1  0.369
  1  0.369
  1  0.369
  1  0.369
  1  0.369
  1  0.369
  1  0.369
  1  0.370
  1  0.370
  1  0.370
  1  0.370
  1  0.370
  1  0.370
  1  0.370
  1  0.370
  1  0.370
  1  0.371
  1  0.371
  1  0.371
  1  0.371
  1  0.371
  1  0.371
  1  0.371
  1  0.371
  1  0.372
  1  0.372
  1  0.372
  1  0.372
  1  0.372
  1  0.372
  1  0.372
  1  0.372
  1  0.373
  1  0.373
  1  0.373
  1  0.373
  1  0.373
  1  0.373
  1  0.373
  1  0.373
  1  0.373
  1  0.374
  1  0.374
  1  0.374
  1  0.374
  1  0.374
  1  0.374
  1  0.374
  1  0.374
  1  0.375
  1  0.375
  1  0.375
  1  0.375
  1  0.375
  1  0.375
  1  0.375
  1  0.375
  1  0.375
  1  0.376
  1  0.376
  1  0.376
  1  0.376
  1  0.376
  1  0.376
  1  0.376
  1  0.376
  1  0.376
  1  0.377
  1  0.377
  1  0.377
  1  0.377
  1  0.377
  1  0.377
  1  0.377
  1  0.377
  1  0.377
  1  0.378
  1  0.378
  1  0.378
  1  0.378
  1  0.378
  1  0.378
  1  0.378
  1  0.378
  1  0.379
  1  0.379
  1  0.379
  1  0.379
  1  0.379
  1  0.379
  1  0.379
  1  0.379
  1  0.379
  1  0.380
  1  0.380
  1  0.380
  1  0.380
  1  0.380
  1  0.380
  1  0.380
  1  0.380
  1  0.380
  1  0.381
  1  0.381
  1  0.381
  1  0.381
  1  0.381
  1  0.381
  1  0.381
  1  0.381
  1  0.381
  1  0.382
  1  0.382
  1  0.382
  1  0.382
  1  0.382
  1  0.382
  1  0.382
  1  0.382
  1  0.382
  1  0.383
  1  0.383
  1  0.383
  1  0.383
  1  0.383
  1  0.383
  1  0.383
  1  0.383
  1  0.383
  1  0.384
  1  0.384
  1  0.384
  1  0.384
  1  0.384
  1  0.384
  1  0.384
  1  0.384
  1  0.384
  1  0.385
  1  0.385
  1  0.385
  1  0.385
  1  0.385
  1  0.385
  1  0.385
  1  0.385
  1  0.385
  1  0.386
  1  0.386
  1  0.386
  1  0.386
  1  0.386
  1  0.386
  1  0.386
  1  0.386
  1  0.386
  1  0.387
  1  0.387
  1  0.387
  1  0.387
  1  0.387
  1  0.387
  1  0.387
  1  0.387
  1  0.387
  1  0.388
  1  0.388
  1  0.388
  1  0.388
  1  0.388
  1  0.388
  1  0.388
  1  0.388
  1  0.388
  1  0.389
  1  0.389
  1  0.389
  1  0.389
  1  0.389
  1  0.389
  1  0.389
  1  0.389
  1  0.389
  1  0.390
  1  0.390
  1  0.390
  1  0.390
  1  0.390
  1  0.390
  1  0.390
  1  0.390
  1  0.390
  1  0.391
  1  0.391
  1  0.391
  1  0.391
  1  0.391
  1  0.391
  1  0.391
  1  0.391
  1  0.391
  1  0.392
  1  0.392
  1  0.392
  1  0.392
  1  0.392
  1  0.392
  1  0.392
  1  0.392
  1  0.392
  1  0.393
  1  0.393
  1  0.393
  1  0.393
  1  0.393
  1  0.393
  1  0.393
  1  0.393
  1  0.393
  1  0.394
  1  0.394
  1  0.394
  1  0.394
  1  0.394
  1  0.394
  1  0.394
  1  0.394
  1  0.394
  1  0.395
  1  0.395
  1  0.395
  1  0.395
  1  0.395
  1  0.395
  1  0.395
  1  0.395
  1  0.395
  1  0.396
  1  0.396
  1  0.396
  1  0.396
  1  0.396
  1  0.396
  1  0.396
  1  0.396
  1  0.396
  1  0.397
  1  0.397
  1  0.397
  1  0.397
  1  0.397
  1  0.397
  1  0.397
  1  0.397
  1  0.397
  1  0.398
  1  0.398
  1  0.398
  1  0.398
  1  0.398
  1  0.398
  1  0.398
  1  0.398
  1  0.399
  1  0.399
  1  0.399
  1  0.399
  1  0.399
  1  0.399
  1  0.399
  1  0.399
  1  0.399
  1  0.400
  1  0.400
  1  0.400
  1  0.400
  1  0.400
  1  0.400
  1  0.400
  1  0.400
  1  0.400
  1  0.401
  1  0.401
  1  0.401
  1  0.401
  1  0.401
  1  0.401
  1  0.401
  1  0.401
  1  0.401
  1  0.402
  1  0.402
  1  0.402
  1  0.402
  1  0.402
  1  0.402
  1  0.402
  1  0.402
  1  0.403
  1  0.403
  1  0.403
  1  0.403
  1  0.403
  1  0.403
  1  0.403
  1  0.403
  1  0.403
  1  0.404
  1  0.404
  1  0.404
  1  0.404
  1  0.404
  1  0.404
  1  0.404
  1  0.404
  1  0.404
  1  0.405
  1  0.405
  1  0.405
  1  0.405
  1  0.405
  1  0.405
  1  0.405
  1  0.405
  1  0.406
  1  0.406
  1  0.406
  1  0.406
  1  0.406
  1  0.406
  1  0.406
  1  0.406
  1  0.406
  1  0.407
  1  0.407
  1  0.407
  1  0.407
  1  0.407
  1  0.407
  1  0.407
  1  0.407
  1  0.408
  1  0.408
  1  0.408
  1  0.408
  1  0.408
  1  0.408
  1  0.408
  1  0.408
  1  0.408
  1  0.409
  1  0.409
  1  0.409
  1  0.409
  1  0.409
  1  0.409
  1  0.409
  1  0.409
  1  0.410
  1  0.410
  1  0.410
  1  0.410
  1  0.410
  1  0.410
  1  0.410
  1  0.410
  1  0.410
  1  0.411
  1  0.411
  1  0.411
  1  0.411
  1  0.411
  1  0.411
  1  0.411
  1  0.411
  1  0.412
  1  0.412
  1  0.412
  1  0.412
  1  0.412
  1  0.412
  1  0.412
  1  0.412
  1  0.412
  1  0.413
  1  0.413
  1  0.413
  1  0.413
  1  0.413
  1  0.413
  1  0.413
  1  0.413
  1  0.414
  1  0.414
  1  0.414
  1  0.414
  1  0.414
  1  0.414
  1  0.414
  1  0.414
  1  0.415
  1  0.415
  1  0.415
  1  0.415
  1  0.415
  1  0.415
  1  0.415
  1  0.415
  1  0.416
  1  0.416
  1  0.416
  1  0.416
  1  0.416
  1  0.416
  1  0.416
  1  0.416
  1  0.417
  1  0.417
  1  0.417
  1  0.417
  1  0.417
  1  0.417
  1  0.417
  1  0.417
  1  0.417
  1  0.418
  1  0.418
  1  0.418
  1  0.418
  1  0.418
  1  0.418
  1  0.418
  1  0.418
  1  0.419
  1  0.419
  1  0.419
  1  0.419
  1  0.419
  1  0.419
  1  0.419
  1  0.419
  1  0.420
  1  0.420
  1  0.420
  1  0.420
  1  0.420
  1  0.420
  1  0.420
  1  0.420
  1  0.421
  1  0.421
  1  0.421
  1  0.421
  1  0.421
  1  0.421
  1  0.421
  1  0.422
  1  0.422
  1  0.422
  1  0.422
  1  0.422
  1  0.422
  1  0.422
  1  0.422
  1  0.423
  1  0.423
  1  0.423
  1  0.423
  1  0.423
  1  0.423
  1  0.423
  1  0.423
  1  0.424
  1  0.424
  1  0.424
  1  0.424
  1  0.424
  1  0.424
  1  0.424
  1  0.424
  1  0.425
  1  0.425
  1  0.425
  1  0.425
  1  0.425
  1  0.425
  1  0.425
  1  0.425
  1  0.426
  1  0.426
  1  0.426
  1  0.426
  1  0.426
  1  0.426
  1  0.426
  1  0.427
  1  0.427
  1  0.427
  1  0.427
  1  0.427
  1  0.427
  1  0.427
  1  0.427
  1  0.428
  1  0.428
  1  0.428
  1  0.428
  1  0.428
  1  0.428
  1  0.428
  1  0.428
  1  0.429
  1  0.429
  1  0.429
  1  0.429
  1  0.429
  1  0.429
  1  0.429
  1  0.430
  1  0.430
  1  0.430
  1  0.430
  1  0.430
  1  0.430
  1  0.430
  1  0.430
  1  0.431
  1  0.431
  1  0.431
  1  0.431
  1  0.431
  1  0.431
  1  0.431
  1  0.432
  1  0.432
  1  0.432
  1  0.432
  1  0.432
  1  0.432
  1  0.432
  1  0.432
  1  0.433
  1  0.433
  1  0.433
  1  0.433
  1  0.433
  1  0.433
  1  0.433
  1  0.434
  1  0.434
  1  0.434
  1  0.434
  1  0.434
  1  0.434
  1  0.434
  1  0.435
  1  0.435
  1  0.435
  1  0.435
  1  0.435
  1  0.435
  1  0.435
  1  0.435
  1  0.436
  1  0.436
  1  0.436
  1  0.436
  1  0.436
  1  0.436
  1  0.436
  1  0.437
  1  0.437
  1  0.437
  1  0.437
  1  0.437
  1  0.437
  1  0.437
  1  0.438
  1  0.438
  1  0.438
  1  0.438
  1  0.438
  1  0.438
  1  0.438
  1  0.439
  1  0.439
  1  0.439
  1  0.439
  1  0.439
  1  0.439
  1  0.439
  1  0.440
  1  0.440
  1  0.440
  1  0.440
  1  0.440
  1  0.440
  1  0.440
  1  0.441
  1  0.441
  1  0.441
  1  0.441
  1  0.441
  1  0.441
  1  0.441
  1  0.442
  1  0.442
  1  0.442
  1  0.442
  1  0.442
  1  0.442
  1  0.442
  1  0.443
  1  0.443
  1  0.443
  1  0.443
  1  0.443
  1  0.443
  1  0.443
  1  0.444
  1  0.444
  1  0.444
  1  0.444
  1  0.444
  1  0.444
  1  0.444
  1  0.445
  1  0.445
  1  0.445
  1  0.445
  1  0.445
  1  0.445
  1  0.445
  1  0.446
  1  0.446
  1  0.446
  1  0.446
  1  0.446
  1  0.446
  1  0.447
  1  0.447
  1  0.447
  1  0.447
  1  0.447
  1  0.447
  1  0.447
  1  0.448
  1  0.448
  1  0.448
  1  0.448
  1  0.448
  1  0.448
  1  0.448
  1  0.449
  1  0.449
  1  0.449
  1  0.449
  1  0.449
  1  0.449
  1  0.450
  1  0.450
  1  0.450
  1  0.450
  1  0.450
  1  0.450
  1  0.450
  1  0.451
  1  0.451
  1  0.451
  1  0.451
  1  0.451
  1  0.451
  1  0.452
  1  0.452
  1  0.452
  1  0.452
  1  0.452
  1  0.452
  1  0.452
  1  0.453
  1  0.453
  1  0.453
  1  0.453
  1  0.453
  1  0.453
  1  0.454
  1  0.454
  1  0.454
  1  0.454
  1  0.454
  1  0.454
  1  0.454
  1  0.455
  1  0.455
  1  0.455
  1  0.455
  1  0.455
  1  0.455
  1  0.456
  1  0.456
  1  0.456
  1  0.456
  1  0.456
  1  0.456
  1  0.457
  1  0.457
  1  0.457
  1  0.457
  1  0.457
  1  0.457
  1  0.457
  1  0.458
  1  0.458
  1  0.458
  1  0.458
  1  0.458
  1  0.458
  1  0.459
  1  0.459
  1  0.459
  1  0.459
  1  0.459
  1  0.459
  1  0.460
  1  0.460
  1  0.460
  1  0.460
  1  0.460
  1  0.460
  1  0.461
  1  0.461
  1  0.461
  1  0.461
  1  0.461
  1  0.461
  1  0.462
  1  0.462
  1  0.462
  1  0.462
  1  0.462
  1  0.462
  1  0.463
  1  0.463
  1  0.463
  1  0.463
  1  0.463
  1  0.463
  1  0.464
  1  0.464
  1  0.464
  1  0.464
  1  0.464
  1  0.464
  1  0.465
  1  0.465
  1  0.465
  1  0.465
  1  0.465
  1  0.465
  1  0.466
  1  0.466
  1  0.466
  1  0.466
  1  0.466
  1  0.466
  1  0.467
  1  0.467
  1  0.467
  1  0.467
  1  0.467
  1  0.467
  1  0.468
  1  0.468
  1  0.468
  1  0.468
  1  0.468
  1  0.468
  1  0.469
  1  0.469
  1  0.469
  1  0.469
  1  0.469
  1  0.470
  1  0.470
  1  0.470
  1  0.470
  1  0.470
  1  0.470
  1  0.471
  1  0.471
  1  0.471
  1  0.471
  1  0.471
  1  0.471
  1  0.472
  1  0.472
  1  0.472
  1  0.472
  1  0.472
  1  0.473
  1  0.473
  1  0.473
  1  0.473
  1  0.473
  1  0.473
  1  0.474
  1  0.474
  1  0.474
  1  0.474
  1  0.474
  1  0.474
  1  0.475
  1  0.475
  1  0.475
  1  0.475
  1  0.475
  1  0.476
  1  0.476
  1  0.476
  1  0.476
  1  0.476
  1  0.476
  1  0.477
  1  0.477
  1  0.477
  1  0.477
  1  0.477
  1  0.478
  1  0.478
  1  0.478
  1  0.478
  1  0.478
  1  0.479
  1  0.479
  1  0.479
  1  0.479
  1  0.479
  1  0.479
  1  0.480
  1  0.480
  1  0.480
  1  0.480
  1  0.480
  1  0.481
  1  0.481
  1  0.481
  1  0.481
  1  0.481
  1  0.482
  1  0.482
  1  0.482
  1  0.482
  1  0.482
  1  0.482
  1  0.483
  1  0.483
  1  0.483
  1  0.483
  1  0.483
  1  0.484
  1  0.484
  1  0.484
  1  0.484
  1  0.484
  1  0.485
  1  0.485
  1  0.485
  1  0.485
  1  0.485
  1  0.486
  1  0.486
  1  0.486
  1  0.486
  1  0.486
  1  0.487
  1  0.487
  1  0.487
  1  0.487
  1  0.487
  1  0.488
  1  0.488
  1  0.488
  1  0.488
  1  0.488
  1  0.489
  1  0.489
  1  0.489
  1  0.489
  1  0.489
  1  0.490
  1  0.490
  1  0.490
  1  0.490
  1  0.490
  1  0.491
  1  0.491
  1  0.491
  1  0.491
  1  0.491
  1  0.492
  1  0.492
  1  0.492
  1  0.492
  1  0.492
  1  0.493
  1  0.493
  1  0.493
  1  0.493
  1  0.493
  1  0.494
  1  0.494
  1  0.494
  1  0.494
  1  0.495
  1  0.495
  1  0.495
  1  0.495
  1  0.495
  1  0.496
  1  0.496
  1  0.496
  1  0.496
  1  0.496
  1  0.497
  1  0.497
  1  0.497
  1  0.497
  1  0.497
  1  0.498
  1  0.498
  1  0.498
  1  0.498
  1  0.499
  1  0.499
  1  0.499
  1  0.499
  1  0.499
  1  0.500
  1  0.500
  1  0.500
  1  0.500
  1  0.501
  1  0.501
  1  0.501
  1  0.501
  1  0.501
  1  0.502
  1  0.502
  1  0.502
  1  0.502
  1  0.503
  1  0.503
  1  0.503
  1  0.503
  1  0.503
  1  0.504
  1  0.504
  1  0.504
  1  0.504
  1  0.505
  1  0.505
  1  0.505
  1  0.505
  1  0.505
  1  0.506
  1  0.506
  1  0.506
  1  0.506
  1  0.507
  1  0.507
  1  0.507
  1  0.507
  1  0.507
  1  0.508
  1  0.508
  1  0.508
  1  0.508
  1  0.509
  1  0.509
  1  0.509
  1  0.509
  1  0.510
  1  0.510
  1  0.510
  1  0.510
  1  0.511
  1  0.511
  1  0.511
  1  0.511
  1  0.511
  1  0.512
  1  0.512
  1  0.512
  1  0.512
  1  0.513
  1  0.513
  1  0.513
  1  0.513
  1  0.514
  1  0.514
  1  0.514
  1  0.514
  1  0.515
  1  0.515
  1  0.515
  1  0.515
  1  0.516
  1  0.516
  1  0.516
  1  0.516
  1  0.517
  1  0.517
  1  0.517
  1  0.517
  1  0.518
  1  0.518
  1  0.518
  1  0.518
  1  0.519
  1  0.519
  1  0.519
  1  0.519
  1  0.520
  1  0.520
  1  0.520
  1  0.520
  1  0.521
  1  0.521
  1  0.521
  1  0.521
  1  0.522
  1  0.522
  1  0.522
  1  0.522
  1  0.523
  1  0.523
  1  0.523
  1  0.523
  1  0.524
  1  0.524
  1  0.524
  1  0.524
  1  0.525
  1  0.525
  1  0.525
  1  0.525
  1  0.526
  1  0.526
  1  0.526
  1  0.527
  1  0.527
  1  0.527
  1  0.527
  1  0.528
  1  0.528
  1  0.528
  1  0.528
  1  0.529
  1  0.529
  1  0.529
  1  0.530
  1  0.530
  1  0.530
  1  0.530
  1  0.531
  1  0.531
  1  0.531
  1  0.531
  1  0.532
  1  0.532
  1  0.532
  1  0.533
  1  0.533
  1  0.533
  1  0.533
  1  0.534
  1  0.534
  1  0.534
  1  0.535
  1  0.535
  1  0.535
  1  0.535
  1  0.536
  1  0.536
  1  0.536
  1  0.536
  1  0.537
  1  0.537
  1  0.537
  1  0.538
  1  0.538
  1  0.538
  1  0.539
  1  0.539
  1  0.539
  1  0.539
  1  0.540
  1  0.540
  1  0.540
  1  0.541
  1  0.541
  1  0.541
  1  0.541
  1  0.542
  1  0.542
  1  0.542
  1  0.543
  1  0.543
  1  0.543
  1  0.544
  1  0.544
  1  0.544
  1  0.544
  1  0.545
  1  0.545
  1  0.545
  1  0.546
  1  0.546
  1  0.546
  1  0.547
  1  0.547
  1  0.547
  1  0.548
  1  0.548
  1  0.548
  1  0.548
  1  0.549
  1  0.549
  1  0.549
  1  0.550
  1  0.550
  1  0.550
  1  0.551
  1  0.551
  1  0.551
  1  0.552
  1  0.552
  1  0.552
  1  0.553
  1  0.553
  1  0.553
  1  0.554
  1  0.554
  1  0.554
  1  0.555
  1  0.555
  1  0.555
  1  0.556
  1  0.556
  1  0.556
  1  0.557
  1  0.557
  1  0.557
  1  0.558
  1  0.558
  1  0.558
  1  0.559
  1  0.559
  1  0.559
  1  0.560
  1  0.560
  1  0.560
  1  0.561
  1  0.561
  1  0.561
  1  0.562
  1  0.562
  1  0.562
  1  0.563
  1  0.563
  1  0.563
  1  0.564
  1  0.564
  1  0.564
  1  0.565
  1  0.565
  1  0.566
  1  0.566
  1  0.566
  1  0.567
  1  0.567
  1  0.567
  1  0.568
  1  0.568
  1  0.568
  1  0.569
  1  0.569
  1  0.570
  1  0.570
  1  0.570
  1  0.571
  1  0.571
  1  0.571
  1  0.572
  1  0.572
  1  0.573
  1  0.573
  1  0.573
  1  0.574
  1  0.574
  1  0.574
  1  0.575
  1  0.575
  1  0.576
  1  0.576
  1  0.576
  1  0.577
  1  0.577
  1  0.578
  1  0.578
  1  0.578
  1  0.579
  1  0.579
  1  0.579
  1  0.580
  1  0.580
  1  0.581
  1  0.581
  1  0.581
  1  0.582
  1  0.582
  1  0.583
  1  0.583
  1  0.583
  1  0.584
  1  0.584
  1  0.585
  1  0.585
  1  0.586
  1  0.586
  1  0.586
  1  0.587
  1  0.587
  1  0.588
  1  0.588
  1  0.589
  1  0.589
  1  0.589
  1  0.590
  1  0.590
  1  0.591
  1  0.591
  1  0.592
  1  0.592
  1  0.592
  1  0.593
  1  0.593
  1  0.594
  1  0.594
  1  0.595
  1  0.595
  1  0.595
  1  0.596
  1  0.596
  1  0.597
  1  0.597
  1  0.598
  1  0.598
  1  0.599
  1  0.599
  1  0.600
  1  0.600
  1  0.601
  1  0.601
  1  0.601
  1  0.602
  1  0.602
  1  0.603
  1  0.603
  1  0.604
  1  0.604
  1  0.605
  1  0.605
  1  0.606
  1  0.606
  1  0.607
  1  0.607
  1  0.608
  1  0.608
  1  0.609
  1  0.609
  1  0.610
  1  0.610
  1  0.611
  1  0.611
  1  0.612
  1  0.612
  1  0.613
  1  0.613
  1  0.614
  1  0.614
  1  0.615
  1  0.615
  1  0.616
  1  0.616
  1  0.617
  1  0.617
  1  0.618
  1  0.618
  1  0.619
  1  0.619
  1  0.620
  1  0.621
  1  0.621
  1  0.622
  1  0.622
  1  0.623
  1  0.623
  1  0.624
  1  0.624
  1  0.625
  1  0.626
  1  0.626
  1  0.627
  1  0.627
  1  0.628
  1  0.628
  1  0.629
  1  0.630
  1  0.630
  1  0.631
  1  0.631
  1  0.632
  1  0.632
  1  0.633
  1  0.634
  1  0.634
  1  0.635
  1  0.635
  1  0.636
  1  0.637
  1  0.637
  1  0.638
  1  0.639
  1  0.639
  1  0.640
  1  0.640
  1  0.641
  1  0.642
  1  0.642
  1  0.643
  1  0.644
  1  0.644
  1  0.645
  1  0.646
  1  0.646
  1  0.647
  1  0.648
  1  0.648
  1  0.649
  1  0.650
  1  0.650
  1  0.651
  1  0.652
  1  0.652
  1  0.653
  1  0.654
  1  0.654
  1  0.655
  1  0.656
  1  0.656
  1  0.657
  1  0.658
  1  0.659
  1  0.659
  1  0.660
  1  0.661
  1  0.662
  1  0.662
  1  0.663
  1  0.664
  1  0.665
  1  0.665
  1  0.666
  1  0.667
  1  0.668
  1  0.668
  1  0.669
  1  0.670
  1  0.671
  1  0.672
  1  0.672
  1  0.673
  1  0.674
  1  0.675
  1  0.676
  1  0.676
  1  0.677
  1  0.678
  1  0.679
  1  0.680
  1  0.681
  1  0.682
  1  0.682
  1  0.683
  1  0.684
  1  0.685
  1  0.686
  1  0.687
  1  0.688
  1  0.689
  1  0.690
  1  0.690
  1  0.691
  1  0.692
  1  0.693
  1  0.694
  1  0.695
  1  0.696
  1  0.697
  1  0.698
  1  0.699
  1  0.700
  1  0.701
  1  0.702
  1  0.703
  1  0.704
  1  0.705
  1  0.706
  1  0.707
  1  0.708
  1  0.709
  1  0.710
  1  0.711
  1  0.712
  1  0.714
  1  0.715
  1  0.716
  1  0.717
  1  0.718
  1  0.719
  1  0.720
  1  0.721
  1  0.723
  1  0.724
  1  0.725
  1  0.726
  1  0.727
  1  0.729
  1  0.730
  1  0.731
  1  0.732
  1  0.734
  1  0.735
  1  0.736
  1  0.738
  1  0.739
  1  0.740
  1  0.742
  1  0.743
  1  0.744
  1  0.746
  1  0.747
  1  0.749
  1  0.750
  1  0.752
  1  0.753
  1  0.754
  1  0.756
  1  0.758
  1  0.759
  1  0.761
  1  0.762
  1  0.764
  1  0.765
  1  0.767
  1  0.769
  1  0.770
  1  0.772
  1  0.774
  1  0.776
  1  0.777
  1  0.779
  1  0.781
  1  0.783
  1  0.785
  1  0.787
  1  0.789
  1  0.791
  1  0.793
  1  0.795
  1  0.797
  1  0.799
  1  0.801
  1  0.803
  1  0.805
  1  0.807
  1  0.810
  1  0.812
  1  0.814
  1  0.817
  1  0.819
  1  0.822
  1  0.824
  1  0.827
  1  0.829
  1  0.832
  1  0.835
  1  0.838
  1  0.840
  1  0.843
  1  0.846
  1  0.849
  1  0.852
  1  0.856
  1  0.859
  1  0.862
  1  0.866
  1  0.869
  1  0.873
  1  0.877
  1  0.881
  1  0.885
  1  0.889
  1  0.893
  1  0.897
  1  0.902
  1  0.907
  1  0.911
  1  0.916
  1  0.922
  1  0.927
  1  0.933
  1  0.939
  1  0.945
  1  0.952
  1  0.959
  1  0.966
  1  0.974
  1  0.982
  1  0.991
  1  1.000
  1  1.010
  1  1.021
  1  1.033
  1  1.046
  1  1.061
  1  1.077
  1  1.096
  1  1.118
  1  1.144
  1  1.177
  1  1.222
  1  1.289
  1  1.433
