  1  0.419
  1  0.531
  1  0.468
  1  0.512
  1  0.378
  1  0.491
  1  0.628
  1  0.407
  1  0.468
  1  0.564
  0  0.427
  1  0.367
  1  0.642
  1  0.565
  1  0.495
  1  0.406
  1  0.413
  1  0.412
  0  0.413
  1  0.364
  1  0.387
  1  0.449
  1  0.424
  1  0.406
  0  0.353
  1  0.419
  1  0.480
  1  0.433
  1  0.374
  1  0.403
  1  0.457
  1  0.471
  1  0.692
  1  0.474
  1  0.418
  1  0.376
  1  0.386
  1  0.406
  1  0.402
  1  0.448
  1  0.377
  0  0.357
  1  0.440
  1  0.644
  1  0.469
  1  0.428
  1  0.491
  0  0.358
  1  0.519
  1  0.415
  1  0.594
  1  0.418
  0  0.352
  1  0.386
  1  0.486
  1  0.362
  1  0.957
  1  0.547
  1  0.624
  1  0.509
  1  0.410
  1  0.450
  1  0.545
  0  0.354
  1  0.494
  1  0.471
  1  0.372
  1  0.443
  1  0.427
  1  0.595
  0  0.393
  1  0.384
  1  0.505
  1  0.599
  0  0.423
  1  0.370
  1  0.438
  1  0.378
  1  0.992
  0  0.391
  1  0.407
  1  0.401
  1  0.402
  0  0.367
  1  0.379
  1  0.421
  1  0.484
  1  0.440
  1  0.717
  1  0.408
  1  0.545
  1  0.552
  1  0.399
  0  0.436
  1  0.433
  0  0.461
  1  0.368
  1  0.481
  0  0.680
  1  0.392
  1  0.434
  1  0.372
  1  0.471
  1  0.371
  1  0.557
  1  0.380
  1  0.380
  0  0.433
  1  0.378
  1  0.447
  1  0.391
  1  0.495
  1  0.413
  1  0.505
  1  0.388
  1  0.370
  1  0.400
  1  0.500
  1  0.498
  1  0.392
  1  0.479
  1  0.379
  1  0.426
  1  0.504
  1  0.352
  1  0.396
  1  0.438
  1  0.483
  1  0.485
  1  0.589
  1  0.645
  1  0.388
  1  0.673
  1  0.385
  1  0.358
  1  0.510
  1  0.429
  1  0.352
  1  0.436
  1  0.425
  1  0.493
  1  0.560
  1  0.418
  1  0.584
  1  0.516
  1  0.768
  1  0.355
  1  0.380
  1  0.672
  1  0.400
  0  0.428
  1  0.366
  1  0.362
  1  0.491
  1  0.451
  1  0.381
  1  0.574
  1  0.441
  1  0.703
  1  0.510
  1  0.370
  1  0.431
  0  0.613
  1  0.485
  1  0.533
  1  0.498
  1  0.375
  1  0.390
  1  0.464
  1  0.514
  0  0.418
  1  0.541
  1  0.481
  1  0.520
  1  0.383
  1  0.553
  1  0.374
  1  0.404
  1  0.478
  1  0.454
  1  0.607
  1  0.372
  0  0.413
  1  0.381
  1  0.510
  1  0.443
  1  0.355
  0  0.383
  1  0.426
  1  0.397
  1  0.467
  1  0.401
  1  0.458
  1  0.453
  1  0.479
  1  0.429
  1  0.556
  1  0.393
  0  0.418
  1  0.534
  1  0.413
  1  0.367
  1  0.386
  1  0.374
  1  0.362
  1  0.359
  1  0.391
  1  0.528
  1  0.517
  1  0.385
  1  0.457
  1  0.429
  1  0.448
  1  0.430
  1  0.666
  1  0.406
  1  0.371
  1  0.383
  1  0.414
  1  0.452
  1  0.421
  1  0.605
  1  0.374
  1  0.447
  1  0.399
  1  0.474
  1  0.456
  0  0.388
  1  0.397
  1  0.456
  1  0.497
  1  0.371
  1  0.379
  1  0.446
  1  0.468
  1  0.380
  1  0.412
  1  0.481
  1  0.379
  1  0.429
  1  0.436
  1  0.369
  1  0.470
  1  0.429
  1  0.602
  1  0.458
  1  0.405
  1  0.407
  1  0.454
  1  0.537
  0  0.466
  1  0.384
  1  0.449
  1  0.432
  0  0.430
  1  0.360
  1  0.552
  1  0.473
  0  0.385
  1  0.553
  1  0.414
  1  0.529
  0  0.405
  1  0.543
  1  0.381
  1  0.380
  0  0.442
  1  0.373
  1  0.468
  1  0.404
  1  0.435
  1  0.408
  1  0.392
  1  0.411
  1  0.495
  1  0.394
  0  0.363
  1  0.534
  1  0.424
  1  0.429
  1  0.400
  1  0.447
  1  0.354
  1  0.480
  1  0.373
  1  0.510
  1  0.385
  1  0.437
  1  0.659
  1  0.376
  1  0.439
  1  0.394
  1  0.473
  1  0.450
  0  0.357
  1  0.657
  1  0.405
  0  0.601
  1  0.370
  1  0.396
  1  0.370
  1  0.354
  1  0.365
  1  0.454
  1  0.462
  1  0.472
  1  0.567
  1  0.429
  1  0.454
  1  0.404
  1  0.399
  1  0.436
  1  0.453
  1  0.418
  1  0.483
  0  0.396
  1  0.453
  1  0.401
  1  0.357
  1  0.390
  1  0.539
  0  0.356
  1  0.363
  1  0.456
  1  0.360
  1  0.429
  1  0.504
  1  0.562
  1  0.403
  1  0.397
  1  0.544
  1  0.425
  1  0.417
  1  0.448
  1  0.499
  1  0.483
  1  0.535
  1  0.501
  1  0.603
  0  0.655
  1  0.427
  1  0.385
  0  0.432
  1  0.380
  1  0.427
  1  0.394
  1  0.559
  1  0.408
  1  0.388
  0  0.439
  1  0.460
  1  0.389
  1  0.445
  1  0.519
  1  0.518
  1  0.619
  1  0.470
  0  0.375
  1  0.422
  0  0.352
  1  0.473
  1  0.419
  1  0.429
  1  0.360
  1  0.382
  1  0.389
  1  0.474
  1  0.469
  1  0.394
  1  0.492
  1  0.385
  1  0.422
  1  0.414
  1  0.365
  1  0.448
  1  0.488
  1  0.428
  1  0.382
  1  0.356
  1  0.604
  1  0.360
  1  0.439
  1  0.700
  1  0.427
  1  0.598
  0  0.547
  1  0.428
  1  0.360
  1  0.611
  1  0.479
  1  0.421
  1  0.411
  1  0.414
  1  0.478
  1  0.360
  1  0.484
  1  0.541
  1  0.421
  1  0.415
  1  0.366
  0  0.406
  1  0.542
  1  0.406
  0  0.420
  0  0.562
  1  0.407
  1  0.371
  1  0.490
  0  0.366
  1  0.402
  0  0.372
  1  0.443
  1  0.357
  1  0.392
  0  0.353
  1  0.492
  1  0.392
  1  0.427
  1  0.379
  1  0.463
  1  0.358
  1  0.448
  1  0.458
  1  0.383
  1  0.435
  1  0.394
  1  0.500
  1  0.384
  0  0.390
  0  0.403
  1  0.484
  1  0.424
  0  0.356
  1  0.431
  1  0.373
  1  0.403
  1  0.424
  1  0.402
  1  0.363
  0  0.445
  1  0.522
  1  0.408
  1  0.476
  1  0.587
  1  0.532
  1  0.575
  1  0.461
  1  0.559
  1  0.442
  1  0.373
  1  0.480
  0  0.365
  0  0.420
  1  0.374
  1  0.392
  1  0.389
  1  0.407
  0  0.393
  1  0.487
  1  0.382
  1  0.637
  1  0.423
  1  0.391
  1  0.370
  1  0.365
  1  0.360
  1  0.377
  1  0.539
  1  0.438
  0  0.369
  1  0.436
  1  0.437
  1  0.377
  1  0.388
  1  0.360
  1  0.374
  1  0.400
  1  0.379
  1  0.618
  1  0.401
  1  0.366
  1  0.406
  1  0.488
  0  0.383
  1  0.579
  0  0.397
  1  0.483
  1  0.580
  1  0.728
  0  0.359
  1  0.399
  1  0.472
  1  0.420
  1  0.425
  1  0.354
  1  0.355
  1  0.376
  1  0.356
  1  0.388
  1  0.693
  1  0.395
  1  0.415
  1  0.362
  1  0.408
  1  0.504
  1  0.379
  1  0.411
  1  0.391
  0  0.355
  1  0.578
  1  0.450
  1  0.356
  1  0.407
  1  0.610
  1  0.377
  1  0.402
  1  0.414
  1  0.353
  1  0.383
  1  0.381
  1  0.464
  1  0.400
  1  0.356
  1  0.369
  1  0.446
  1  0.490
  1  0.387
  1  0.497
  1  0.353
  1  0.560
  1  0.461
  1  0.355
  1  0.552
  1  0.400
  1  0.558
  1  0.395
  0  0.416
  1  0.359
  1  0.367
  1  0.438
  1  0.435
  1  0.466
  1  0.461
  1  0.361
  0  0.377
  1  0.359
  1  0.549
  1  0.450
  1  0.365
  1  0.687
  1  0.372
  1  0.377
  1  0.425
  0  0.352
  1  0.414
  0  0.359
  1  0.366
  1  0.470
  1  0.422
  1  0.426
  1  0.397
  1  0.455
  1  0.586
  1  0.355
  1  0.419
  1  0.458
  1  0.405
  1  0.524
  0  0.353
  1  0.433
  1  0.419
  1  0.455
  1  0.591
  1  0.539
  1  0.580
  1  0.510
  0  0.483
  1  0.418
  1  0.364
  1  0.432
  1  0.395
  1  0.435
  1  0.527
  1  0.502
  1  0.408
  1  0.403
  1  0.408
  1  0.455
  1  0.492
  1  0.352
  1  0.416
  1  0.426
  0  0.409
  1  0.464
  1  0.404
  1  0.527
  1  0.448
  1  0.381
  1  0.357
  1  0.370
  1  0.424
  1  0.357
  1  0.357
  1  0.467
  1  0.510
  1  0.355
  1  0.360
  1  0.593
  1  0.385
  0  0.406
  0  0.400
  1  0.388
  1  0.382
  1  0.430
  1  0.597
  1  0.550
  1  0.357
  1  0.367
  1  0.375
  1  0.408
  0  0.586
  1  0.468
  1  0.530
  1  0.820
  1  0.568
  1  0.382
  1  0.467
  1  0.516
  1  0.677
  1  0.368
  1  0.364
  1  0.371
  0  0.354
  1  0.442
  1  0.434
  0  0.479
  1  0.450
  0  0.380
  1  0.375
  1  0.387
  0  0.366
  1  0.421
  1  0.381
  1  0.386
  1  0.668
  1  0.559
  1  0.401
  1  0.373
  1  0.368
  1  0.471
  1  0.531
  1  0.403
  1  0.812
  1  0.488
  1  0.388
  1  0.360
  1  0.373
  1  0.412
  1  0.505
  0  0.416
  1  0.431
  1  0.419
  1  0.418
  1  0.424
  1  0.387
  1  0.499
  1  0.397
  1  0.368
  1  0.515
  1  0.394
  1  0.387
  1  0.471
  1  0.421
  1  0.633
  1  0.371
  1  0.445
  1  0.372
  1  0.353
  1  0.461
  1  0.373
  1  0.358
  1  0.491
  1  0.444
  1  0.478
  1  0.515
  1  0.588
  1  0.460
  0  0.371
  1  0.422
  1  0.397
  1  0.489
  1  0.504
  1  0.392
  1  0.486
  1  0.561
  1  0.356
  1  0.417
  1  0.425
  1  0.489
  1  0.404
  1  0.514
  1  0.404
  1  0.369
  1  0.409
  1  0.384
  1  0.402
  1  0.412
  0  0.369
  0  0.387
  1  0.396
  1  0.461
  0  0.397
  1  0.441
  1  0.382
  1  0.463
  1  0.536
  1  0.375
  1  0.416
  1  0.529
  1  0.418
  1  0.389
  1  0.483
  1  0.369
  1  0.488
  1  0.369
  1  0.539
  1  0.376
  1  0.563
  1  0.359
  1  0.492
  1  0.388
  1  0.368
  1  0.621
  0  0.379
  1  0.450
  1  0.589
  1  0.381
  1  0.354
  1  0.434
  1  0.375
  1  0.418
  1  0.482
  1  0.387
  1  0.401
  1  0.403
  1  0.438
  1  0.567
  1  0.750
  1  0.371
  1  0.389
  1  0.550
  1  0.352
  1  0.367
  1  0.365
  1  0.376
  1  0.549
  1  0.484
  1  0.556
  1  0.404
  1  0.410
  1  0.364
  1  0.395
  1  0.421
  1  0.365
  0  0.363
  1  0.369
  1  0.368
  1  0.391
  1  0.473
  0  0.425
  1  0.389
  1  0.464
  0  0.354
  1  0.455
  0  0.358
  1  0.410
  1  0.499
  1  0.432
  1  0.508
  0  0.415
  1  0.411
  0  0.447
  1  0.467
  1  0.380
  1  0.453
  1  0.417
  1  0.496
  1  0.417
  1  0.425
  1  0.780
  1  0.384
  1  0.508
  1  0.476
  1  0.388
  1  0.370
  1  0.506
  1  0.375
  1  0.579
  1  0.419
  1  0.466
  1  0.478
  1  0.541
  1  0.408
  1  0.373
  1  0.497
  1  0.497
  1  0.403
  1  0.389
  1  0.512
  1  0.358
  1  0.386
  1  0.372
  1  0.379
  1  0.372
  1  0.482
  1  0.361
  1  0.402
  1  0.356
  1  0.465
  1  0.384
  1  0.550
  1  0.475
  1  0.504
  1  0.364
  1  0.495
  1  0.378
  1  0.559
  1  0.557
  1  0.466
  1  0.445
  1  0.441
  1  0.450
  1  0.354
  1  0.423
  1  0.367
  1  0.378
  1  0.464
  1  0.507
  1  0.466
  1  0.382
  1  0.363
  1  0.404
  1  0.370
  1  0.422
  0  0.369
  1  0.536
  1  0.490
  1  0.381
  1  0.417
  1  0.399
  1  0.380
  1  0.358
  1  0.449
  1  0.540
  1  0.405
  1  0.355
  1  0.422
  1  0.409
  0  0.487
  1  0.571
  1  0.411
  0  0.362
  0  0.441
  0  0.436
  1  0.368
  1  0.372
  0  0.359
  0  0.406
  1  0.530
  1  0.414
  1  0.401
  1  0.443
  1  0.354
  1  0.497
  1  0.589
  1  0.525
  1  0.463
  1  0.431
  1  0.542
  1  0.418
  1  0.415
  0  0.526
  1  0.533
  1  0.424
  1  0.460
  1  0.399
  1  0.543
  1  0.407
  0  0.357
  1  0.434
  0  0.353
  1  0.511
  1  0.455
  1  0.512
  1  0.357
  1  0.377
  1  0.356
  1  0.423
  1  0.397
  1  0.567
  1  0.437
  1  0.600
  1  0.447
  1  0.411
  1  0.560
  1  0.383
  1  0.366
  1  0.401
  1  0.519
  1  0.583
  1  0.353
  0  0.397
  1  0.366
  1  0.470
  1  0.430
  1  0.554
  1  0.358
  1  0.498
  1  0.392
  1  0.374
  0  0.521
  1  0.409
  1  0.620
  1  0.667
  1  0.490
  1  0.629
  1  0.525
  1  0.393
  1  0.387
  0  0.371
  1  0.360
  1  0.491
  1  0.355
  1  0.417
  1  0.557
  1  0.420
  1  0.382
  1  0.357
  1  0.496
  1  0.578
  1  0.362
  1  0.380
  1  0.398
  1  0.355
  1  0.353
  0  0.560
  1  0.354
  1  0.405
  1  0.405
  1  0.437
  1  0.404
  1  0.389
  1  0.409
  1  0.537
  1  0.606
  1  0.464
  1  0.393
  1  0.381
  1  0.370
  1  0.388
  1  0.507
  1  0.435
  1  0.507
  1  0.535
  1  0.439
  1  0.352
  1  0.448
  1  0.389
  0  0.356
  1  0.550
  0  0.459
  1  0.416
  1  0.568
  1  0.524
  1  0.750
  1  0.695
  1  0.568
  1  0.784
  1  0.597
  1  0.382
  1  0.397
  0  0.375
  1  0.568
  1  0.429
  0  0.370
  0  0.383
  1  0.440
  1  0.525
  1  0.421
  1  0.647
  1  0.404
  1  0.398
  1  0.456
  1  0.361
  1  0.525
  1  0.830
  0  0.388
  0  0.362
  1  0.472
  1  0.657
  1  0.469
  1  0.613
  1  0.384
  1  0.380
  1  0.631
  1  0.564
  1  0.392
  1  0.602
  1  0.378
  1  0.482
  0  0.391
  1  0.463
  1  0.498
  1  0.467
  1  0.379
  1  0.596
  1  0.481
  1  0.360
  1  0.380
  1  0.511
  1  0.604
  1  0.390
  1  0.430
  1  0.413
  1  0.379
  1  0.435
  1  0.421
  1  0.556
  1  0.399
  0  0.363
  1  0.420
  1  0.456
  1  0.675
  0  0.454
  1  0.422
  1  0.433
  1  0.360
  1  0.367
  1  0.356
  1  0.555
  1  0.361
  1  0.361
  1  0.461
  1  0.561
  1  0.561
  1  0.376
  1  0.452
  1  0.432
  1  0.396
  1  0.456
  1  0.452
  1  0.385
  0  0.361
  1  0.365
  1  0.399
  1  0.431
  1  0.388
  1  0.381
  1  0.597
  1  0.576
  1  0.515
  1  0.415
  1  0.423
  1  0.415
  1  0.431
  0  0.361
  1  0.696
  1  0.483
  1  0.437
  1  0.386
  1  0.491
  1  0.449
  1  0.362
  1  0.437
  1  0.398
  1  0.370
  1  0.441
  1  0.373
  1  0.378
  1  0.357
  0  0.397
  1  0.387
  1  0.799
  1  0.366
  1  0.525
  1  0.552
  1  0.384
  1  0.377
  1  0.452
  1  0.524
  1  0.457
  1  0.361
  1  0.525
  1  0.403
  1  0.483
  1  0.384
  1  0.384
  1  0.489
  1  0.588
  1  0.537
  1  0.398
  1  0.464
  1  0.428
  1  0.407
  1  0.397
  1  0.385
  1  0.591
  1  0.539
  1  0.392
  1  0.517
  1  0.389
  1  0.538
  1  0.525
  1  0.382
  1  0.371
  1  0.408
  1  0.449
  0  0.354
  1  0.413
  1  0.366
  1  0.394
  1  0.428
  1  0.362
  1  0.515
  1  0.449
  1  0.400
  1  0.382
  1  0.465
  1  0.448
  0  0.364
  1  0.371
  1  0.409
  1  0.501
  1  0.418
  0  0.406
  1  0.449
  1  0.361
  1  0.418
  1  0.546
  1  0.485
  1  0.451
  1  0.447
  1  0.383
  1  0.441
  1  0.391
  1  0.368
  1  0.402
  1  0.446
  0  0.371
  1  0.413
  1  0.368
  1  0.354
  1  0.363
  1  0.375
  1  0.450
  0  0.357
  0  0.380
  1  0.507
  1  0.373
  1  0.516
  1  0.482
  0  0.353
  1  0.364
  1  0.533
  1  0.474
  0  0.488
  0  0.523
  1  0.420
  1  0.363
  1  0.369
  1  0.397
  1  0.358
  1  0.455
  1  0.393
  1  0.363
  1  0.363
  1  0.370
  1  0.358
  1  0.370
  1  0.373
  1  0.526
  1  0.389
  1  0.367
  1  0.357
  1  0.463
  1  0.455
  0  0.411
  1  0.378
  1  0.401
  1  0.426
  0  0.350
  1  0.384
  1  0.454
  1  0.456
  1  0.479
  1  0.812
  1  0.434
  1  0.596
  1  0.370
  1  0.362
  1  0.549
  1  0.481
  1  0.359
  1  0.392
  1  0.688
  1  0.381
  1  0.369
  1  0.380
  1  0.560
  1  0.553
  1  0.383
  1  0.479
  1  0.528
  1  0.444
  1  0.396
  1  0.466
  1  0.370
  1  0.417
  1  0.420
  1  0.452
  1  0.469
  1  0.486
  1  0.384
  1  0.529
  1  0.392
  1  0.378
  1  0.589
  1  0.361
  1  0.487
  0  0.421
  1  0.417
  1  0.423
  1  0.387
  0  0.409
  1  0.394
  1  0.422
  0  0.440
  0  0.434
  1  0.398
  1  0.368
  1  0.367
  1  0.566
  1  0.730
  1  0.438
  1  0.391
  1  0.663
  1  0.490
  1  0.359
  1  0.537
  1  0.406
  1  0.596
  1  0.527
  1  0.466
  0  0.355
  1  0.367
  1  0.471
  1  0.451
  1  0.364
  1  0.582
  1  0.391
  1  0.429
  0  0.397
  1  0.418
  1  0.372
  1  0.577
  1  0.403
  0  0.403
  0  0.394
  1  0.382
  1  0.548
  1  0.368
  1  0.354
  1  0.501
  1  0.382
  1  0.455
  1  0.360
  1  0.363
  1  0.357
  1  0.399
  1  0.428
  1  0.406
  1  0.367
  1  0.435
  1  0.526
  1  0.389
  1  0.573
  1  0.380
  1  0.431
  1  0.414
  1  0.481
  1  0.453
  1  0.717
  1  0.455
  1  0.426
  0  0.364
  1  0.351
  1  0.453
  1  0.536
  1  0.538
  1  0.392
  1  0.644
  1  0.433
  0  0.368
  1  0.392
  1  0.443
  1  0.366
  1  0.372
  0  0.359
  1  0.356
  1  0.528
  1  0.577
  1  0.360
  1  0.460
  1  0.421
  1  0.506
  1  0.363
  1  0.363
  1  0.562
  1  0.367
  1  0.473
  1  0.390
  1  0.379
  1  0.555
  1  0.399
  1  0.440
  1  0.427
  1  0.356
  1  0.388
  1  0.448
  0  0.354
  1  0.462
  1  0.351
  1  0.435
  0  0.378
  1  0.524
  1  0.527
  1  0.509
  1  0.405
  1  0.501
  0  0.434
  0  0.358
  1  0.437
  0  0.475
  1  0.400
  1  0.418
  1  0.512
  1  0.427
  1  0.373
  1  0.413
  1  0.379
  1  0.521
  1  0.417
  1  0.403
  1  0.486
  1  0.357
  1  0.405
  1  0.491
  1  0.598
  1  0.438
  1  0.418
  1  0.534
  1  0.394
  1  0.400
  1  0.716
  1  0.402
  1  0.454
  1  0.457
  1  0.382
  1  0.464
  1  0.423
  1  0.386
  1  0.447
  0  0.384
  1  0.574
  1  0.442
  1  0.391
  1  0.842
  1  0.361
  1  0.369
  1  0.462
  0  0.368
  1  0.361
  1  0.385
  1  0.426
  1  0.397
  0  0.433
  1  0.516
  1  0.374
  1  0.508
  1  0.563
  1  0.401
  1  0.510
  1  0.490
  1  0.547
  1  0.425
  1  0.396
  1  0.482
  1  0.369
  1  0.450
  1  0.418
  1  0.504
  1  0.495
  1  0.383
  0  0.370
  1  0.425
  1  0.482
  1  0.549
  1  0.508
  1  0.556
  1  0.501
  1  0.402
  1  0.367
  1  0.409
  1  0.708
  1  0.467
  1  0.428
  0  0.483
  1  0.531
  1  0.364
  1  0.430
  1  0.615
  1  0.472
  0  0.384
  1  0.437
  1  0.354
  1  0.369
  0  0.373
  1  0.670
  0  0.382
  1  0.627
  1  0.654
  1  0.394
  1  0.431
  1  0.380
  1  0.371
  1  0.408
  1  0.395
  1  0.594
  1  0.369
  0  0.403
  1  0.365
  1  0.481
  1  0.459
  1  0.680
  1  0.448
  1  0.373
  1  0.564
  0  0.443
  1  0.542
  1  0.435
  1  0.442
  0  0.367
  1  0.538
  1  0.401
  0  0.499
  0  0.380
  1  0.396
  1  0.460
  0  0.356
  1  0.431
  1  0.497
  1  0.362
  1  0.454
  1  0.432
  1  0.358
  1  0.500
  1  0.771
  1  0.607
  1  0.369
  1  0.356
  1  0.405
  1  0.582
  1  0.439
  1  0.372
  0  0.446
  0  0.365
  1  0.423
  1  0.431
  1  0.469
  1  0.388
  1  0.556
  1  0.676
  1  0.440
  1  0.686
  0  0.390
  1  0.430
  1  0.468
  1  0.471
  0  0.352
  0  0.386
  1  0.436
  1  0.372
  1  0.660
  1  0.391
  1  0.359
  1  0.372
  1  0.600
  1  0.443
  1  0.445
  1  0.604
  1  0.478
  1  0.435
  1  0.426
  1  0.355
  1  0.362
  1  0.444
  1  0.384
  1  0.393
  1  0.412
  1  0.399
  1  0.541
  1  0.652
  1  0.511
  1  0.374
  1  0.487
  1  0.571
  1  0.370
  1  0.553
  1  0.534
  0  0.412
  1  0.584
  1  0.394
  1  0.502
  1  0.558
  1  0.400
  1  0.447
  1  0.443
  1  0.435
  1  0.468
  1  0.357
  1  0.400
  1  0.639
  1  0.668
  1  0.400
  1  0.366
  0  0.416
  1  0.437
  1  0.454
  1  0.433
  1  0.855
  1  0.365
  1  0.641
  1  0.384
  1  0.355
  1  0.435
  1  0.576
  0  0.376
  1  0.454
  1  0.642
  1  0.359
  1  0.514
  1  0.396
  1  0.525
  1  0.365
  0  0.355
  1  0.397
  1  0.368
  1  0.390
  1  0.449
  1  0.516
  0  0.352
  1  0.375
  1  0.469
  1  0.405
  0  0.351
  1  0.373
  1  0.636
  1  0.373
  1  0.402
  1  0.386
  1  0.434
  1  0.510
  1  0.369
  1  0.502
  1  0.407
  1  0.365
  1  0.445
  1  0.414
  1  0.355
  0  0.400
  1  0.478
  1  0.397
  1  0.452
  1  0.391
  1  0.382
  1  0.371
  1  0.436
  1  0.404
  1  0.407
  1  0.408
  1  0.524
  0  0.408
  1  0.356
  1  0.478
  0  0.396
  1  0.418
  1  0.415
  1  0.411
  1  0.437
  1  0.605
  1  0.433
  1  0.500
  1  0.406
  1  0.479
  1  0.464
  0  0.447
  1  0.501
  0  0.360
  1  0.456
  1  0.507
  1  0.507
  1  0.670
  1  0.452
  0  0.522
  1  0.408
  1  0.379
  1  0.420
  1  0.393
  0  0.486
  1  0.641
  1  0.413
  1  0.451
  1  0.473
  1  0.403
  1  0.480
  0  0.474
  1  0.424
  1  0.373
  1  0.637
  0  0.383
  1  0.390
  1  0.448
  1  0.364
  1  0.389
  1  0.436
  0  0.362
  1  0.398
  1  0.387
  0  0.365
  1  0.394
  1  0.375
  1  0.363
  1  0.379
  1  0.390
  1  0.477
  1  0.396
  1  0.415
  1  0.447
  0  0.369
  1  0.407
  0  0.356
  1  0.438
  1  0.433
  1  0.514
  1  0.474
  1  0.538
  1  0.356
  1  0.443
  0  0.372
  0  0.397
  1  0.428
  1  0.388
  0  0.368
  1  0.374
  1  0.389
  1  0.364
  0  0.526
  1  0.460
  1  0.374
  1  0.370
  1  0.356
  1  0.418
  0  0.433
  1  0.390
  1  0.466
  1  0.538
  0  0.389
  1  0.471
  1  0.363
  1  0.615
  1  0.386
  1  0.359
  1  0.403
  1  0.409
  1  0.371
  1  0.401
  1  0.374
  1  0.489
  1  0.375
  1  0.538
  1  0.572
  1  0.373
  1  0.374
  1  0.724
  1  0.369
  1  0.414
  1  0.387
  1  0.405
  1  0.401
  1  0.629
  1  0.354
  1  0.504
  0  0.375
  1  0.435
  1  0.362
  1  0.389
  0  0.414
  1  0.442
  1  0.491
  1  0.374
  1  0.446
  1  0.391
  1  0.481
  1  0.443
  1  0.738
  1  0.364
  1  0.460
  1  0.375
  1  0.527
  1  0.406
  1  0.383
  1  0.528
  1  0.452
  1  0.626
  1  0.588
  1  0.373
  1  0.380
  1  0.400
  1  0.379
  1  0.376
  0  0.369
  1  0.396
  1  0.386
  0  0.375
  1  0.355
  1  0.460
  1  0.411
  1  0.607
  1  0.510
  1  0.591
  1  0.368
  1  0.379
  1  0.410
  1  0.444
  0  0.379
  1  0.426
  1  0.438
  0  0.508
  1  0.397
  1  0.397
  1  0.646
  1  0.370
  1  0.494
  1  0.364
  1  0.767
  1  0.532
  1  0.410
  0  0.391
  1  0.456
  1  0.395
  1  0.501
  1  0.383
  1  0.559
  1  0.439
  0  0.368
  0  0.479
  1  0.374
  1  0.462
  1  0.386
  0  0.389
  0  0.397
  0  0.378
  1  0.526
  1  0.460
  1  0.452
  1  0.406
  1  0.413
  1  0.358
  1  0.437
  1  0.389
  1  0.499
  1  0.416
  1  0.466
  1  0.398
  1  0.560
  1  0.391
  1  0.478
  1  0.409
  1  0.733
  1  0.529
  1  0.428
  1  0.481
  1  0.391
  1  0.363
  1  0.355
  0  0.362
  1  0.389
  1  0.463
  1  0.436
  1  0.551
  1  0.426
  1  0.375
  1  0.411
  1  0.354
  1  0.404
  0  0.400
  1  0.393
  1  0.354
  0  0.359
  0  0.374
  1  0.530
  1  0.570
  1  0.370
  1  0.389
  0  0.366
  1  0.399
  1  0.430
  1  0.361
  1  0.452
  1  0.392
  0  0.530
  1  0.382
  1  0.443
  1  0.512
  1  0.487
  1  0.488
  1  0.381
  1  0.394
  1  0.452
  1  0.546
  1  0.468
  1  0.481
  1  0.431
  0  0.366
  0  0.412
  1  0.557
  1  0.506
  1  0.444
  1  0.380
  1  0.545
  1  0.405
  1  0.419
  1  0.524
  1  0.420
  1  0.394
  1  0.469
  1  0.420
  1  0.415
  0  0.354
  0  0.358
  1  0.462
  1  0.367
  1  0.458
  1  0.440
  1  0.551
  1  0.463
  1  0.407
  1  0.500
  1  0.465
  1  0.459
  1  0.370
  1  0.467
  1  0.430
  1  0.407
  1  0.389
  1  0.404
  1  0.461
  1  0.493
  1  0.475
  1  0.445
  1  0.725
  0  0.414
  1  0.444
  1  0.376
  1  0.636
  1  0.415
  1  0.417
  1  0.353
  0  0.466
  1  0.442
  1  0.469
  0  0.356
  1  0.621
  1  0.386
  1  0.457
  1  0.388
  1  0.806
  1  0.388
  1  0.478
  0  0.364
  1  0.513
  1  0.371
  1  0.382
  1  0.443
  1  0.404
  0  0.427
  1  0.370
  1  0.480
  1  0.422
  1  0.369
  1  0.463
  1  0.518
  1  0.565
  1  0.421
  1  0.451
  1  0.407
  1  0.457
  1  0.367
  1  0.418
  1  0.378
  1  0.382
  1  0.375
  1  0.367
  1  0.801
  1  0.615
  0  0.365
  1  0.432
  1  0.369
  1  0.402
  1  0.373
  1  0.401
  1  0.370
  1  0.369
  1  0.392
  1  0.435
  1  0.390
  1  0.369
  1  0.431
  1  0.424
  0  0.483
  1  0.373
  1  0.372
  1  0.444
  1  0.362
  0  0.360
  1  0.371
  0  0.362
  1  0.383
  1  0.395
  1  0.382
  1  0.387
  1  0.403
  1  0.538
  1  0.465
  1  0.455
  0  0.368
  0  0.392
  1  0.439
  1  0.396
  1  0.400
  1  0.466
  1  0.403
  1  0.370
  1  0.380
  1  0.411
  1  0.445
  1  0.362
  1  0.481
  0  0.365
  1  0.404
  1  0.589
  0  0.440
  1  0.427
  1  0.407
  1  0.570
  1  0.556
  1  0.410
  1  0.413
  1  0.425
  1  0.380
  1  0.384
  1  0.414
  1  0.429
  1  0.510
  1  0.412
  1  0.384
  1  0.418
  1  0.471
  1  0.361
  1  0.546
  1  0.504
  1  0.548
  1  0.614
  1  0.457
  1  0.354
  1  0.354
  1  0.423
  1  0.371
  1  0.478
  0  0.351
  1  0.495
  1  0.367
  1  0.359
  1  0.414
  1  0.386
  1  0.554
  1  0.470
  1  0.361
  1  0.451
  1  0.379
  1  0.360
  1  0.476
  1  0.393
  1  0.449
  1  0.460
  1  0.496
  1  0.387
  1  0.441
  1  0.435
  1  0.390
  1  0.415
  1  0.355
  1  0.364
  1  0.380
  1  0.363
  1  0.560
  1  0.402
  1  0.360
  1  0.373
  1  0.447
  1  0.486
  1  0.416
  1  0.464
  1  0.835
  1  0.455
  1  0.526
  1  0.354
  1  0.459
  0  0.369
  1  0.436
  1  0.355
  1  0.478
  1  0.380
  1  0.461
  1  0.452
  1  0.778
  1  0.428
  1  0.439
  1  0.417
  1  0.395
  1  0.410
  1  0.466
  1  0.501
  1  0.672
  1  0.538
  0  0.363
  0  0.366
  1  0.493
  1  0.357
  1  0.354
  1  0.688
  1  0.379
  1  0.359
  1  0.394
  1  0.384
  1  0.421
  1  0.361
  1  0.450
  1  0.363
  1  0.428
  1  0.392
  1  0.480
  1  0.377
  1  0.504
  1  0.373
  1  0.416
  1  0.370
  1  0.414
  1  0.523
  1  0.434
  1  0.409
  1  0.361
  1  0.442
  1  0.445
  1  0.536
  1  0.445
  1  0.406
  1  0.481
  1  0.462
  1  0.387
  0  0.374
  1  0.387
  1  0.418
  1  0.362
  1  0.501
  1  0.417
  1  0.484
  1  0.424
  1  0.563
  0  0.355
  1  0.359
  1  0.399
  1  0.424
  1  0.411
  1  0.416
  1  0.469
  1  0.431
  1  0.393
  1  0.519
  1  0.512
  1  0.449
  1  0.406
  1  0.450
  1  0.413
  1  0.421
  1  0.537
  1  0.435
  1  0.432
  1  0.462
  1  0.447
  0  0.355
  1  0.561
  1  0.394
  1  0.357
  1  0.567
  1  0.364
  1  0.474
  1  0.535
  1  0.379
  1  0.412
  1  0.386
  1  0.366
  1  0.482
  1  0.514
  1  0.376
  1  0.373
  1  0.482
  1  0.417
  1  0.367
  1  0.366
  1  0.499
  1  0.501
  0  0.360
  1  0.368
  0  0.361
  1  0.470
  1  0.443
  1  0.377
  1  0.410
  1  0.457
  1  0.492
  1  0.469
  1  0.364
  1  0.390
  1  0.522
  1  0.364
  0  0.359
  1  0.454
  1  0.432
  1  0.460
  1  0.511
  1  0.438
  1  0.430
  1  0.474
  1  0.721
  1  0.575
  1  0.364
  1  0.501
  1  0.495
  1  0.505
  1  0.389
  1  0.526
  1  0.379
  1  0.443
  1  0.404
  0  0.400
  0  0.435
  1  0.463
  0  0.393
  1  0.439
  1  0.415
  1  0.484
  1  0.377
  1  0.355
  0  0.360
  1  0.439
  1  0.485
  0  0.383
  1  0.488
  1  0.485
  1  0.431
  0  0.462
  1  0.473
  1  0.489
  1  0.384
  1  0.384
  1  0.362
  1  0.473
  1  0.588
  1  0.366
  1  0.454
  1  0.458
  1  0.353
  1  0.414
  0  0.476
  1  0.384
  1  0.500
  1  0.574
  1  0.489
  1  0.356
  1  0.437
  1  0.377
  1  0.375
  0  0.353
  1  0.387
  1  0.377
  1  0.373
  1  0.452
  1  0.433
  1  0.491
  1  0.376
  1  0.392
  1  0.389
  1  0.553
  0  0.398
  1  0.402
  1  0.501
  1  0.570
  0  0.361
  1  0.354
  1  0.357
  1  0.407
  1  0.429
  1  0.378
  1  0.393
  1  0.364
  1  0.436
  1  0.434
  1  0.412
  1  0.503
  1  0.463
  1  0.389
  1  0.444
  1  0.430
  1  0.532
  1  0.413
  1  0.444
  1  0.529
  1  0.375
  1  0.427
  0  0.363
  1  0.391
  1  0.400
  1  0.425
  1  0.485
  1  0.468
  1  0.757
  1  0.575
  1  0.461
  1  0.403
  1  0.404
  1  0.449
  1  0.551
  0  0.900
  1  0.411
  1  0.451
  1  0.509
  1  0.425
  1  0.422
  1  0.480
  1  0.388
  1  0.397
  0  0.372
  1  0.464
  0  0.447
  1  0.431
  1  0.461
  1  0.413
  1  0.405
  1  0.408
  1  0.465
  0  0.386
  1  0.407
  1  0.710
  0  0.599
  0  0.398
  1  0.495
  0  0.373
  1  0.454
  1  0.363
  1  0.385
  1  0.382
  1  0.359
  1  0.351
  1  0.385
  1  0.473
  1  0.495
  1  0.464
  1  0.500
  1  0.473
  1  0.388
  0  0.359
  1  0.441
  1  0.551
  1  0.446
  1  0.467
  1  0.398
  1  0.459
  0  0.422
  1  0.466
  1  0.479
  1  0.580
  1  0.356
  1  0.414
  1  0.451
  1  0.549
  1  0.574
  1  0.679
  1  0.395
  0  0.367
  1  0.541
  1  0.694
  1  0.455
  1  0.677
  1  0.430
  0  0.379
  0  0.359
  1  0.478
  0  0.370
  0  0.502
  1  0.425
  1  0.393
  1  0.397
  1  0.375
  1  0.356
  1  0.594
  1  0.382
  1  0.465
  1  0.379
  1  0.405
  1  0.522
  1  0.454
  1  0.428
  1  0.439
  1  0.485
  1  0.471
  1  0.425
  1  0.398
  1  0.455
  0  0.374
  1  0.426
  1  0.447
  1  0.418
  1  0.470
  1  0.478
  1  0.620
  1  0.492
  1  0.425
  0  0.398
  1  0.578
  1  0.571
  1  0.451
  0  0.384
  0  0.361
  1  0.540
  0  0.357
  1  0.371
  1  0.663
  1  0.488
  1  0.403
  1  0.368
  1  0.583
  1  0.458
  1  0.440
  1  0.532
  1  0.386
  1  0.473
  1  0.501
  0  0.384
  0  0.354
  1  0.703
  1  0.467
  1  0.525
  1  0.361
  1  0.580
  1  0.492
  1  0.503
  1  0.460
  1  0.382
  1  0.445
  1  0.429
  1  0.459
  1  0.403
  1  0.444
  1  0.496
  1  0.389
  1  0.397
  0  0.391
  1  0.398
  1  0.423
  0  0.409
  1  0.496
  1  0.460
  1  0.533
  1  0.418
  1  0.632
  1  0.484
  1  0.408
  0  0.382
  1  0.386
  1  0.467
  1  0.413
  0  0.377
  1  0.512
  1  0.479
  1  0.458
  1  0.374
  1  0.412
  0  0.383
  1  0.499
  1  0.356
  0  0.379
  1  0.402
  1  0.484
  1  0.448
  1  0.413
  1  0.525
  1  0.392
  1  0.365
  1  0.385
  1  0.372
  1  0.402
  1  0.498
  0  0.362
  1  0.574
  0  0.416
  1  0.506
  1  0.384
  0  0.431
  1  0.544
  1  0.445
  1  0.438
  1  0.585
  1  0.377
  1  0.512
  1  0.411
  1  0.394
  1  0.372
  1  0.407
  1  0.418
  0  0.364
  1  0.441
  1  0.440
  1  0.364
  1  0.418
  1  0.572
  1  0.372
  1  0.435
  1  0.451
  1  0.375
  1  0.366
  1  0.380
  1  0.397
  1  0.428
  1  0.374
  1  0.374
  1  0.493
  1  0.463
  1  0.409
  1  0.352
  1  0.378
  0  0.363
  1  0.444
  1  0.452
  1  0.447
  1  0.395
  0  0.377
  1  0.438
  0  0.389
  1  0.644
  1  0.364
  1  0.410
  1  0.704
  1  0.437
  1  0.400
  0  0.358
  1  0.385
  1  0.488
  1  0.424
  1  0.470
  1  0.462
  1  0.401
  1  0.479
  1  0.512
  1  0.369
  1  0.516
  0  0.372
  1  0.581
  0  0.449
  1  0.386
  1  0.376
  1  0.458
  1  0.599
  1  0.375
  1  0.533
  1  0.431
  1  0.409
  1  0.450
  1  0.370
  1  0.535
  1  0.727
  1  0.463
  1  0.705
  1  0.371
  1  0.410
  1  0.481
  1  0.479
  1  0.397
  1  0.492
  1  0.414
  1  0.439
  1  0.383
  1  0.392
  1  0.418
  1  0.377
  1  0.387
  1  0.419
  1  0.466
  1  0.439
  1  0.558
  1  0.434
  1  0.445
  1  0.362
  1  0.366
  1  0.428
  1  0.466
  1  0.634
  1  0.355
  1  0.513
  1  0.389
  1  0.405
  1  0.694
  1  0.384
  1  0.374
  1  0.578
  1  0.477
  0  0.495
  1  0.584
  1  0.392
  1  0.415
  1  0.528
  1  0.474
  0  0.428
  1  0.370
  1  0.386
  1  0.409
  1  0.448
  1  0.358
  1  0.381
  1  0.458
  1  0.446
  1  0.548
  1  0.391
  1  0.383
  1  0.378
  0  0.362
  1  0.382
  1  0.429
  1  0.586
  0  0.484
  1  0.363
  1  0.374
  0  0.405
  1  0.466
  1  0.419
  1  0.433
  1  0.397
  0  0.364
  1  0.448
  1  0.393
  1  0.408
  1  0.393
  1  0.624
  1  0.433
  1  0.594
  1  0.377
  1  0.524
  1  0.385
  1  0.415
  1  0.401
  1  0.437
  1  0.390
  1  0.478
  1  0.378
  1  0.399
  1  0.449
  1  0.400
  1  0.628
  1  0.394
  1  0.387
  1  0.488
  1  0.389
  1  0.462
  1  0.467
  1  0.416
  1  0.525
  1  0.355
  1  0.540
  1  0.355
  0  0.355
  1  0.404
  1  0.353
  1  0.522
  1  0.441
  1  0.462
  1  0.590
  1  0.454
  0  0.370
  1  0.365
  1  0.358
  1  0.482
  1  0.434
  0  0.432
  0  0.354
  1  0.359
  1  0.438
  1  0.410
  1  0.369
  1  0.411
  1  0.624
  1  0.435
  1  0.484
  0  0.365
  0  0.377
  1  0.765
  0  0.430
  1  0.438
  1  0.384
  1  0.377
  1  0.384
  1  0.723
  1  0.384
  1  0.662
  1  0.464
  0  0.397
  1  0.672
  0  0.434
  1  0.383
  1  0.451
  1  0.360
  0  0.522
  1  0.354
  1  0.428
  1  0.377
  1  0.474
  1  0.355
  0  0.431
  1  0.457
  0  0.445
  1  0.382
  1  0.476
  0  0.377
  1  0.460
  1  0.496
  1  0.384
  1  0.410
  1  0.391
  1  0.370
  1  0.446
  1  0.475
  1  0.518
  1  0.436
  1  0.372
  1  0.519
  1  0.437
  1  0.607
  0  0.376
  1  0.431
  1  0.403
  0  0.381
  1  0.405
  1  0.520
  1  0.358
  1  0.449
  1  0.412
  0  0.690
  0  0.358
  1  0.547
  1  0.533
  1  0.421
  1  0.543
  1  0.564
  0  0.391
  1  0.502
  1  0.388
  1  0.376
  1  0.470
  1  0.375
  1  0.464
  1  0.401
  0  0.358
  1  0.379
  1  0.663
  1  0.381
  1  0.400
  1  0.404
  1  0.374
  1  0.416
  1  0.410
  1  0.387
  1  0.501
  1  0.383
  1  0.433
  0  0.378
  1  0.426
  1  0.409
  1  0.478
  1  0.354
  1  0.360
  1  0.427
  1  0.391
  1  0.377
  0  0.450
  1  0.519
  1  0.353
  1  0.388
  1  0.530
  1  0.372
  1  0.466
  0  0.393
  1  0.392
  0  0.375
  1  0.413
  1  0.501
  1  0.435
  1  0.415
  1  0.384
  1  0.392
  0  0.439
  1  0.377
  1  0.361
  1  0.438
  1  0.473
  1  0.397
  1  0.417
  1  0.400
  0  0.442
  1  0.376
  1  0.528
  1  0.515
  1  0.505
  0  0.367
  1  0.479
  1  0.537
  1  0.412
  1  0.440
  1  0.398
  1  0.412
  1  0.468
  1  0.648
  1  0.440
  1  0.412
  1  0.445
  1  0.413
  0  0.441
  1  0.396
  1  0.650
  1  0.463
  1  0.419
  1  0.390
  1  0.442
  1  0.435
  1  0.384
  0  0.474
  1  0.530
  1  0.480
  1  0.366
  1  0.690
  1  0.526
  1  0.394
  1  0.373
  1  0.531
  1  0.405
  1  0.459
  1  0.441
  1  0.396
  1  0.526
  1  0.438
  1  0.533
  1  0.503
  1  0.369
  1  0.390
  1  0.508
  1  0.518
  1  0.364
  1  0.616
  1  0.372
  1  0.535
  1  0.406
  1  0.628
  1  0.392
  1  0.469
  1  0.377
  1  0.374
  1  0.382
  1  0.414
  1  0.456
  1  0.383
  1  0.440
  1  0.536
  1  0.420
  1  0.414
  1  0.543
  1  0.387
  1  0.403
  1  0.376
  1  0.381
  1  0.506
  0  0.428
  1  0.408
  1  0.488
  0  0.363
  1  0.371
  1  0.373
  1  0.388
  1  0.390
  1  0.511
  1  0.386
  1  0.434
  1  0.419
  1  0.517
  1  0.535
  1  0.399
  1  0.445
  1  0.530
  1  0.372
  1  0.500
  1  0.397
  1  0.355
  0  0.359
  1  0.386
  0  0.706
  0  0.352
  1  0.546
  1  0.404
  1  0.483
  1  0.408
  1  0.494
  1  0.483
  1  0.474
  1  0.419
  1  0.444
  1  0.382
  1  0.370
  1  0.388
  1  0.571
  1  0.421
  1  0.423
  0  0.353
  1  0.456
  1  0.370
  1  0.478
  1  0.368
  1  0.771
  1  0.728
  1  0.466
  1  0.430
  1  0.371
  0  0.528
  1  0.407
  1  0.569
  1  0.452
  1  0.360
  1  0.423
  1  0.396
  1  0.406
  0  0.390
  1  0.412
  1  0.645
  1  0.450
  1  0.440
  1  0.496
  1  0.449
  1  0.380
  1  0.452
  1  0.447
  1  0.525
  0  0.365
  1  0.368
  1  0.560
  1  0.499
  1  0.461
  1  0.395
  1  0.374
  1  0.409
  1  0.427
  1  0.410
  1  0.390
  1  0.486
  1  0.478
  0  0.366
  0  0.358
  0  0.373
  1  0.440
  1  0.561
  1  0.457
  1  0.353
  1  0.368
  1  0.379
  1  0.497
  1  0.410
  1  0.396
  1  0.462
  1  0.399
  1  0.411
  1  0.385
  1  0.396
  1  0.489
  1  0.364
  1  0.440
  1  0.587
  1  0.433
  1  0.409
  1  0.499
  1  0.462
  1  0.419
  1  0.409
  1  0.369
  0  0.357
  1  0.493
  1  0.438
  1  0.428
  1  0.400
  1  0.353
  1  0.422
  1  0.437
  1  0.403
  1  0.463
  1  0.495
  0  0.587
  1  0.474
  1  0.434
  1  0.384
  1  0.358
  1  0.534
  1  0.386
  1  0.510
  1  0.391
  1  0.407
  1  0.509
  1  0.360
  0  0.358
  1  0.370
  1  0.443
  1  0.534
  1  0.361
  1  0.646
  1  0.356
  1  0.505
  0  0.741
  0  0.376
  1  0.505
  1  0.371
  1  0.442
  1  0.447
  1  0.591
  1  0.419
  1  0.401
  0  0.438
  1  0.478
  1  0.671
  0  0.353
  1  0.405
  1  0.457
  1  0.429
  1  0.554
  0  0.353
  1  0.524
  1  0.356
  1  0.419
  1  0.548
  1  0.358
  1  0.548
  1  0.423
  1  0.440
  0  0.381
  1  0.542
  1  0.400
  1  0.584
  1  0.471
  0  0.521
  1  0.612
  1  0.459
  1  0.589
  1  0.375
  1  0.612
  1  0.408
  1  0.358
  0  0.503
  1  0.447
  0  0.486
  1  0.454
  1  0.450
  1  0.493
  1  0.504
  1  0.470
  1  0.403
  1  0.484
  1  0.645
  1  0.408
